#
# A fatal error has been detected by the Java Runtime Environment:
#
#  SIGSEGV (0xb) at pc=0x00007fff8ba394dd, pid=9493, tid=80899
#
# JRE version: Java(TM) SE Runtime Environment (8.0_45-b14) (build 1.8.0_45-b14)
# Java VM: Java HotSpot(TM) 64-Bit Server VM (25.45-b02 mixed mode bsd-amd64 compressed oops)
# Problematic frame:
# C  [libobjc.A.dylib+0x14dd]  objc_msgSend+0x1d
#
# Failed to write core dump. Core dumps have been disabled. To enable core dumping, try "ulimit -c unlimited" before starting Java again
#
# If you would like to submit a bug report, please visit:
#   http://bugreport.java.com/bugreport/crash.jsp
# The crash happened outside the Java Virtual Machine in native code.
# See problematic frame for where to report the bug.
#

---------------  T H R E A D  ---------------

Current thread (0x00007f8d2ba18800):  JavaThread "Thread-0" daemon [_thread_in_native, id=80899, stack(0x00007000019f4000,0x0000700001af4000)]

siginfo: si_signo: 11 (SIGSEGV), si_code: 1 (SEGV_MAPERR), si_addr: 0x000007f8d2de1058

Registers:
RAX=0x0000000000000000, RBX=0x00007f8d2b5d4130, RCX=0x0000000000000000, RDX=0x0000700001af3678
RSP=0x0000700001af3708, RBP=0x0000700001af3750, RSI=0x00007fff96d1db4e, RDI=0x00007f8d2b5d51f0
R8 =0x000000000000003f, R9 =0x00007f8d2b634480, R10=0x00007fff96d1db4e, R11=0x000007f8d2de1040
R12=0x00007fff8ba394c0, R13=0x00007fff90400598, R14=0x00007fff96d1db4e, R15=0x00007f8d2dc43810
RIP=0x00007fff8ba394dd, EFLAGS=0x0000000000010202, ERR=0x0000000000000004
  TRAPNO=0x000000000000000e

Top of Stack: (sp=0x0000700001af3708)
0x0000700001af3708:   000000013126e9b6 00007f8d2dc4d340
0x0000700001af3718:   4014000000000000 3fa47ae147ae147b
0x0000700001af3728:   00007f8d2ba189f8 0000000000000000
0x0000700001af3738:   000000012aaaf4c0 0000700001af3810
0x0000700001af3748:   00007f8d2ba18800 0000700001af3760
0x0000700001af3758:   0000000131262721 0000700001af3780
0x0000700001af3768:   0000000130ad9547 000000012aaaf4c0
0x0000700001af3778:   0000700001af3810 0000700001af37e8
0x0000700001af3788:   0000000111d7e954 0000000000000000
0x0000700001af3798:   0000000000000000 0000000000000125
0x0000700001af37a8:   0000700001af37a8 0000000000000000
0x0000700001af37b8:   0000700001af3810 000000012aaafb18
0x0000700001af37c8:   0000000000000000 000000012aaaf4c0
0x0000700001af37d8:   0000000000000000 0000700001af3808
0x0000700001af37e8:   0000700001af3858 0000000111d70420
0x0000700001af37f8:   00000006c00286c0 0000000111d78560
0x0000700001af3808:   00007f8d2b50f930 0000700001af38c8
0x0000700001af3818:   0000700001af3818 000000012aaae99c
0x0000700001af3828:   0000700001af3870 000000012aaafb18
0x0000700001af3838:   0000000000000000 000000012aaae9c8
0x0000700001af3848:   0000700001af3808 0000700001af3870
0x0000700001af3858:   0000700001af38c8 0000000111d70420
0x0000700001af3868:   0000000000000000 00000006c019baa8
0x0000700001af3878:   000000076b98bff0 00000006c0010190
0x0000700001af3888:   0000700001af3878 000000012aab06aa
0x0000700001af3898:   0000700001af3910 000000012aab08d0
0x0000700001af38a8:   0000000000000000 000000012aab0860
0x0000700001af38b8:   0000700001af3870 0000700001af3910
0x0000700001af38c8:   0000700001af3958 0000000111d70c92
0x0000700001af38d8:   0000000000000000 0000000000000000
0x0000700001af38e8:   0000000000000000 000000076ae04ef0
0x0000700001af38f8:   000000076ae04ef0 000000076ae011f0 

Instructions: (pc=0x00007fff8ba394dd)
0x00007fff8ba394bd:   44 00 00 48 85 ff 2e 74 62 40 f6 c7 01 2e 75 66
0x00007fff8ba394cd:   49 bb f8 ff ff ff ff 7f 00 00 4c 23 1f 49 89 f2
0x00007fff8ba394dd:   45 23 53 18 49 c1 e2 04 4d 03 53 10 49 3b 32 75
0x00007fff8ba394ed:   04 41 ff 62 08 49 83 3a 01 76 0d 49 83 c2 10 49 

Register to memory mapping:

RAX=0x0000000000000000 is an unknown value
RBX=0x00007f8d2b5d4130 is an unknown value
RCX=0x0000000000000000 is an unknown value
RDX=0x0000700001af3678 is pointing into the stack for thread: 0x00007f8d2ba18800
RSP=0x0000700001af3708 is pointing into the stack for thread: 0x00007f8d2ba18800
RBP=0x0000700001af3750 is pointing into the stack for thread: 0x00007f8d2ba18800
RSI=0x00007fff96d1db4e is an unknown value
RDI=0x00007f8d2b5d51f0 is an unknown value
R8 =0x000000000000003f is an unknown value
R9 =0x00007f8d2b634480 is an unknown value
R10=0x00007fff96d1db4e is an unknown value
R11=0x000007f8d2de1040 is an unknown value
R12=0x00007fff8ba394c0: objc_msgSend+0 in /usr/lib/libobjc.A.dylib at 0x00007fff8ba38000
R13=0x00007fff90400598: -[NSTitlebarContainerView transparent]+0x46dd6 in /System/Library/Frameworks/AppKit.framework/Versions/C/AppKit at 0x00007fff8f98f000
R14=0x00007fff96d1db4e is an unknown value
R15=0x00007f8d2dc43810 is an unknown value


Stack: [0x00007000019f4000,0x0000700001af4000],  sp=0x0000700001af3708,  free space=1021k
Native frames: (J=compiled Java code, j=interpreted, Vv=VM code, C=native code)
C  [libobjc.A.dylib+0x14dd]  objc_msgSend+0x1d
C  [libopencv_highgui.2.4.dylib+0x7721]  cv::VideoCapture::grab()+0x13
C  [libopencv_java2412.dylib+0x3e547]  Java_org_opencv_highgui_VideoCapture_grab_10+0x16
j  org.opencv.highgui.VideoCapture.grab_0(J)Z+0
j  org.opencv.highgui.VideoCapture.grab()Z+4
j  facedetection.FaceDetection$DaemonThread.run()V+18
j  java.lang.Thread.run()V+11
v  ~StubRoutines::call_stub
V  [libjvm.dylib+0x2e032a]  JavaCalls::call_helper(JavaValue*, methodHandle*, JavaCallArguments*, Thread*)+0x6ae
V  [libjvm.dylib+0x2e0ab8]  JavaCalls::call_virtual(JavaValue*, KlassHandle, Symbol*, Symbol*, JavaCallArguments*, Thread*)+0x164
V  [libjvm.dylib+0x2e0c64]  JavaCalls::call_virtual(JavaValue*, Handle, KlassHandle, Symbol*, Symbol*, Thread*)+0x4a
V  [libjvm.dylib+0x3331a5]  thread_entry(JavaThread*, Thread*)+0x7c
V  [libjvm.dylib+0x549acf]  JavaThread::thread_main_inner()+0x9b
V  [libjvm.dylib+0x54b1c0]  JavaThread::run()+0x1c2
V  [libjvm.dylib+0x46ea7e]  java_start(Thread*)+0xf6
C  [libsystem_pthread.dylib+0x399d]  _pthread_body+0x83
C  [libsystem_pthread.dylib+0x391a]  _pthread_body+0x0
C  [libsystem_pthread.dylib+0x1351]  thread_start+0xd
C  0x0000000000000000

Java frames: (J=compiled Java code, j=interpreted, Vv=VM code)
j  org.opencv.highgui.VideoCapture.grab_0(J)Z+0
j  org.opencv.highgui.VideoCapture.grab()Z+4
j  facedetection.FaceDetection$DaemonThread.run()V+18
j  java.lang.Thread.run()V+11
v  ~StubRoutines::call_stub

---------------  P R O C E S S  ---------------

Java Threads: ( => current thread )
=>0x00007f8d2ba18800 JavaThread "Thread-0" daemon [_thread_in_native, id=80899, stack(0x00007000019f4000,0x0000700001af4000)]
  0x00007f8d2b96b000 JavaThread "DestroyJavaVM" [_thread_blocked, id=5891, stack(0x000070000011a000,0x000070000021a000)]
  0x00007f8d2b98b000 JavaThread "AWT-EventQueue-0" [_thread_blocked, id=55815, stack(0x0000700001662000,0x0000700001762000)]
  0x00007f8d2c0bf000 JavaThread "Java2D Disposer" daemon [_thread_blocked, id=52743, stack(0x000070000155f000,0x000070000165f000)]
  0x00007f8d2c0c7000 JavaThread "Java2D Queue Flusher" daemon [_thread_blocked, id=50951, stack(0x000070000145c000,0x000070000155c000)]
  0x00007f8d2c081000 JavaThread "AWT-Shutdown" [_thread_blocked, id=30483, stack(0x00007000012d6000,0x00007000013d6000)]
  0x00007f8d2c07a000 JavaThread "AppKit Thread" daemon [_thread_in_native, id=2571, stack(0x00007fff4fca6000,0x00007fff504a6000)]
  0x00007f8d2d022800 JavaThread "Monitor Ctrl-Break" daemon [_thread_in_native, id=19715, stack(0x000070000104a000,0x000070000114a000)]
  0x00007f8d2d02c800 JavaThread "Service Thread" daemon [_thread_blocked, id=18691, stack(0x0000700000e44000,0x0000700000f44000)]
  0x00007f8d2d021800 JavaThread "C1 CompilerThread2" daemon [_thread_in_native, id=18179, stack(0x0000700000d41000,0x0000700000e41000)]
  0x00007f8d2d019000 JavaThread "C2 CompilerThread1" daemon [_thread_blocked, id=17667, stack(0x0000700000c3e000,0x0000700000d3e000)]
  0x00007f8d2d017000 JavaThread "C2 CompilerThread0" daemon [_thread_blocked, id=17155, stack(0x0000700000b3b000,0x0000700000c3b000)]
  0x00007f8d2b82a800 JavaThread "Signal Dispatcher" daemon [_thread_blocked, id=12815, stack(0x0000700000a38000,0x0000700000b38000)]
  0x00007f8d2b812800 JavaThread "Finalizer" daemon [_thread_blocked, id=12291, stack(0x000070000082f000,0x000070000092f000)]
  0x00007f8d2b811800 JavaThread "Reference Handler" daemon [_thread_blocked, id=11779, stack(0x000070000072c000,0x000070000082c000)]

Other Threads:
  0x00007f8d2c011000 VMThread [stack: 0x0000700000629000,0x0000700000729000] [id=11267]
  0x00007f8d2d02d000 WatcherThread [stack: 0x0000700000f47000,0x0000700001047000] [id=19203]

VM state:not at safepoint (normal execution)

VM Mutex/Monitor currently owned by a thread: None

Heap:
 PSYoungGen      total 60416K, used 44810K [0x000000076ab00000, 0x000000076f000000, 0x00000007c0000000)
  eden space 57344K, 73% used [0x000000076ab00000,0x000000076d3ffb70,0x000000076e300000)
  from space 3072K, 92% used [0x000000076e400000,0x000000076e6c3048,0x000000076e700000)
  to   space 6656K, 0% used [0x000000076e980000,0x000000076e980000,0x000000076f000000)
 ParOldGen       total 175104K, used 2602K [0x00000006c0000000, 0x00000006cab00000, 0x000000076ab00000)
  object space 175104K, 1% used [0x00000006c0000000,0x00000006c028aa18,0x00000006cab00000)
 Metaspace       used 12613K, capacity 12802K, committed 13056K, reserved 1060864K
  class space    used 1581K, capacity 1665K, committed 1792K, reserved 1048576K

Card table byte_map: [0x0000000121129000,0x000000012192a000] byte_map_base: 0x000000011db29000

Marking Bits: (ParMarkBitMap*) 0x00000001116c27a0
 Begin Bits: [0x0000000121e80000, 0x0000000125e80000)
 End Bits:   [0x0000000125e80000, 0x0000000129e80000)

Polling page: 0x000000010fb93000

CodeCache: size=245760Kb used=3042Kb max_used=3053Kb free=242717Kb
 bounds [0x0000000111d69000, 0x0000000112069000, 0x0000000120d69000]
 total_blobs=1528 nmethods=896 adapters=546
 compilation: enabled

Compilation events (10 events):
Event: 14.548 Thread 0x00007f8d2d021800 nmethod 901 0x000000011205c250 code [0x000000011205c7c0, 0x000000011205fe48]
Event: 14.548 Thread 0x00007f8d2d021800  902       3       java.util.RegularEnumSet::add (9 bytes)
Event: 14.548 Thread 0x00007f8d2d021800 nmethod 902 0x0000000112062350 code [0x00000001120624c0, 0x0000000112062748]
Event: 14.578 Thread 0x00007f8d2d021800  903       3       sun.awt.SunToolkit::isInstanceOf (71 bytes)
Event: 14.579 Thread 0x00007f8d2d021800 nmethod 903 0x0000000112062810 code [0x0000000112062a00, 0x00000001120632e8]
Event: 14.607 Thread 0x00007f8d2d021800  904       3       javax.swing.JComponent::getFlag (20 bytes)
Event: 14.607 Thread 0x00007f8d2d021800 nmethod 904 0x0000000112063650 code [0x00000001120637c0, 0x0000000112063990]
Event: 14.607 Thread 0x00007f8d2d021800  905       3       javax.swing.plaf.nimbus.NimbusStyle::validate (1178 bytes)
Event: 14.608 Thread 0x00007f8d2d017000  911       4       sun.java2d.pipe.RenderBuffer::putDouble (26 bytes)
Event: 14.609 Thread 0x00007f8d2d017000 nmethod 911 0x0000000112066690 code [0x00000001120667e0, 0x0000000112066878]

GC Heap History (10 events):
Event: 10.547 GC heap before
{Heap before GC invocations=7 (full 0):
 PSYoungGen      total 68096K, used 63367K [0x000000076ab00000, 0x000000076f600000, 0x00000007c0000000)
  eden space 62464K, 97% used [0x000000076ab00000,0x000000076e671ea8,0x000000076e800000)
  from space 5632K, 44% used [0x000000076f080000,0x000000076f2f0020,0x000000076f600000)
  to   space 7168K, 0% used [0x000000076e800000,0x000000076e800000,0x000000076ef00000)
 ParOldGen       total 175104K, used 40K [0x00000006c0000000, 0x00000006cab00000, 0x000000076ab00000)
  object space 175104K, 0% used [0x00000006c0000000,0x00000006c000a000,0x00000006cab00000)
 Metaspace       used 12466K, capacity 12642K, committed 12928K, reserved 1060864K
  class space    used 1573K, capacity 1633K, committed 1664K, reserved 1048576K
Event: 10.550 GC heap after
Heap after GC invocations=7 (full 0):
 PSYoungGen      total 61952K, used 160K [0x000000076ab00000, 0x000000076f600000, 0x00000007c0000000)
  eden space 61440K, 0% used [0x000000076ab00000,0x000000076ab00000,0x000000076e700000)
  from space 512K, 31% used [0x000000076e800000,0x000000076e828000,0x000000076e880000)
  to   space 7680K, 0% used [0x000000076ee80000,0x000000076ee80000,0x000000076f600000)
 ParOldGen       total 175104K, used 2514K [0x00000006c0000000, 0x00000006cab00000, 0x000000076ab00000)
  object space 175104K, 1% used [0x00000006c0000000,0x00000006c0274a18,0x00000006cab00000)
 Metaspace       used 12466K, capacity 12642K, committed 12928K, reserved 1060864K
  class space    used 1573K, capacity 1633K, committed 1664K, reserved 1048576K
}
Event: 11.382 GC heap before
{Heap before GC invocations=8 (full 0):
 PSYoungGen      total 61952K, used 59478K [0x000000076ab00000, 0x000000076f600000, 0x00000007c0000000)
  eden space 61440K, 96% used [0x000000076ab00000,0x000000076e4ed8b0,0x000000076e700000)
  from space 512K, 31% used [0x000000076e800000,0x000000076e828000,0x000000076e880000)
  to   space 7680K, 0% used [0x000000076ee80000,0x000000076ee80000,0x000000076f600000)
 ParOldGen       total 175104K, used 2514K [0x00000006c0000000, 0x00000006cab00000, 0x000000076ab00000)
  object space 175104K, 1% used [0x00000006c0000000,0x00000006c0274a18,0x00000006cab00000)
 Metaspace       used 12486K, capacity 12706K, committed 12928K, reserved 1060864K
  class space    used 1573K, capacity 1633K, committed 1664K, reserved 1048576K
Event: 11.383 GC heap after
Heap after GC invocations=8 (full 0):
 PSYoungGen      total 66048K, used 2860K [0x000000076ab00000, 0x000000076f400000, 0x00000007c0000000)
  eden space 60416K, 0% used [0x000000076ab00000,0x000000076ab00000,0x000000076e600000)
  from space 5632K, 50% used [0x000000076ee80000,0x000000076f14b048,0x000000076f400000)
  to   space 7168K, 0% used [0x000000076e600000,0x000000076e600000,0x000000076ed00000)
 ParOldGen       total 175104K, used 2522K [0x00000006c0000000, 0x00000006cab00000, 0x000000076ab00000)
  object space 175104K, 1% used [0x00000006c0000000,0x00000006c0276a18,0x00000006cab00000)
 Metaspace       used 12486K, capacity 12706K, committed 12928K, reserved 1060864K
  class space    used 1573K, capacity 1633K, committed 1664K, reserved 1048576K
}
Event: 12.298 GC heap before
{Heap before GC invocations=9 (full 0):
 PSYoungGen      total 66048K, used 60731K [0x000000076ab00000, 0x000000076f400000, 0x00000007c0000000)
  eden space 60416K, 95% used [0x000000076ab00000,0x000000076e383bc8,0x000000076e600000)
  from space 5632K, 50% used [0x000000076ee80000,0x000000076f14b048,0x000000076f400000)
  to   space 7168K, 0% used [0x000000076e600000,0x000000076e600000,0x000000076ed00000)
 ParOldGen       total 175104K, used 2522K [0x00000006c0000000, 0x00000006cab00000, 0x000000076ab00000)
  object space 175104K, 1% used [0x00000006c0000000,0x00000006c0276a18,0x00000006cab00000)
 Metaspace       used 12486K, capacity 12706K, committed 12928K, reserved 1060864K
  class space    used 1573K, capacity 1633K, committed 1664K, reserved 1048576K
Event: 12.298 GC heap after
Heap after GC invocations=9 (full 0):
 PSYoungGen      total 59904K, used 160K [0x000000076ab00000, 0x000000076f400000, 0x00000007c0000000)
  eden space 59392K, 0% used [0x000000076ab00000,0x000000076ab00000,0x000000076e500000)
  from space 512K, 31% used [0x000000076e600000,0x000000076e628000,0x000000076e680000)
  to   space 7680K, 0% used [0x000000076ec80000,0x000000076ec80000,0x000000076f400000)
 ParOldGen       total 175104K, used 2546K [0x00000006c0000000, 0x00000006cab00000, 0x000000076ab00000)
  object space 175104K, 1% used [0x00000006c0000000,0x00000006c027ca18,0x00000006cab00000)
 Metaspace       used 12486K, capacity 12706K, committed 12928K, reserved 1060864K
  class space    used 1573K, capacity 1633K, committed 1664K, reserved 1048576K
}
Event: 13.135 GC heap before
{Heap before GC invocations=10 (full 0):
 PSYoungGen      total 59904K, used 58912K [0x000000076ab00000, 0x000000076f400000, 0x00000007c0000000)
  eden space 59392K, 98% used [0x000000076ab00000,0x000000076e460288,0x000000076e500000)
  from space 512K, 31% used [0x000000076e600000,0x000000076e628000,0x000000076e680000)
  to   space 7680K, 0% used [0x000000076ec80000,0x000000076ec80000,0x000000076f400000)
 ParOldGen       total 175104K, used 2546K [0x00000006c0000000, 0x00000006cab00000, 0x000000076ab00000)
  object space 175104K, 1% used [0x00000006c0000000,0x00000006c027ca18,0x00000006cab00000)
 Metaspace       used 12508K, capacity 12706K, committed 12928K, reserved 1060864K
  class space    used 1573K, capacity 1633K, committed 1664K, reserved 1048576K
Event: 13.136 GC heap after
Heap after GC invocations=10 (full 0):
 PSYoungGen      total 64000K, used 2860K [0x000000076ab00000, 0x000000076f200000, 0x00000007c0000000)
  eden space 58368K, 0% used [0x000000076ab00000,0x000000076ab00000,0x000000076e400000)
  from space 5632K, 50% used [0x000000076ec80000,0x000000076ef4b048,0x000000076f200000)
  to   space 7168K, 0% used [0x000000076e400000,0x000000076e400000,0x000000076eb00000)
 ParOldGen       total 175104K, used 2578K [0x00000006c0000000, 0x00000006cab00000, 0x000000076ab00000)
  object space 175104K, 1% used [0x00000006c0000000,0x00000006c0284a18,0x00000006cab00000)
 Metaspace       used 12508K, capacity 12706K, committed 12928K, reserved 1060864K
  class space    used 1573K, capacity 1633K, committed 1664K, reserved 1048576K
}
Event: 13.991 GC heap before
{Heap before GC invocations=11 (full 0):
 PSYoungGen      total 64000K, used 58568K [0x000000076ab00000, 0x000000076f200000, 0x00000007c0000000)
  eden space 58368K, 95% used [0x000000076ab00000,0x000000076e1671a0,0x000000076e400000)
  from space 5632K, 50% used [0x000000076ec80000,0x000000076ef4b048,0x000000076f200000)
  to   space 7168K, 0% used [0x000000076e400000,0x000000076e400000,0x000000076eb00000)
 ParOldGen       total 175104K, used 2578K [0x00000006c0000000, 0x00000006cab00000, 0x000000076ab00000)
  object space 175104K, 1% used [0x00000006c0000000,0x00000006c0284a18,0x00000006cab00000)
 Metaspace       used 12543K, capacity 12770K, committed 12928K, reserved 1060864K
  class space    used 1573K, capacity 1633K, committed 1664K, reserved 1048576K
Event: 14.002 GC heap after
Heap after GC invocations=11 (full 0):
 PSYoungGen      total 60416K, used 2828K [0x000000076ab00000, 0x000000076f000000, 0x00000007c0000000)
  eden space 57344K, 0% used [0x000000076ab00000,0x000000076ab00000,0x000000076e300000)
  from space 3072K, 92% used [0x000000076e400000,0x000000076e6c3048,0x000000076e700000)
  to   space 6656K, 0% used [0x000000076e980000,0x000000076e980000,0x000000076f000000)
 ParOldGen       total 175104K, used 2602K [0x00000006c0000000, 0x00000006cab00000, 0x000000076ab00000)
  object space 175104K, 1% used [0x00000006c0000000,0x00000006c028aa18,0x00000006cab00000)
 Metaspace       used 12543K, capacity 12770K, committed 12928K, reserved 1060864K
  class space    used 1573K, capacity 1633K, committed 1664K, reserved 1048576K
}

Deoptimization events (2 events):
Event: 4.192 Thread 0x00007f8d2ba18800 Uncommon trap: reason=unstable_if action=reinterpret pc=0x0000000111f67dfc method=java.lang.String.indexOf([CII[CIII)I @ 3
Event: 4.193 Thread 0x00007f8d2ba18800 Uncommon trap: reason=unstable_if action=reinterpret pc=0x0000000111f72180 method=java.lang.String.toLowerCase(Ljava/util/Locale;)Ljava/lang/String; @ 85

Internal exceptions (10 events):
Event: 0.645 Thread 0x00007f8d2c008000 Exception <a 'java/lang/ClassNotFoundException': ToggleButton> (0x000000076b260ec8) thrown at [/Users/java_re/workspace/8-2-build-macosx-x86_64/jdk8u45/3457/hotspot/src/share/vm/classfile/systemDictionary.cpp, line 210]
Event: 0.645 Thread 0x00007f8d2c008000 Exception <a 'java/lang/ClassNotFoundException': javax/swing/JToolBarSeparator> (0x000000076b2612d0) thrown at [/Users/java_re/workspace/8-2-build-macosx-x86_64/jdk8u45/3457/hotspot/src/share/vm/classfile/systemDictionary.cpp, line 210]
Event: 0.645 Thread 0x00007f8d2c008000 Exception <a 'java/lang/ClassNotFoundException': ToolBarSeparator> (0x000000076b261710) thrown at [/Users/java_re/workspace/8-2-build-macosx-x86_64/jdk8u45/3457/hotspot/src/share/vm/classfile/systemDictionary.cpp, line 210]
Event: 0.645 Thread 0x00007f8d2c008000 Exception <a 'java/lang/ClassNotFoundException': ToolTip> (0x000000076b261df8) thrown at [/Users/java_re/workspace/8-2-build-macosx-x86_64/jdk8u45/3457/hotspot/src/share/vm/classfile/systemDictionary.cpp, line 210]
Event: 0.646 Thread 0x00007f8d2c008000 Exception <a 'java/lang/ClassNotFoundException': Tree> (0x000000076b2629c0) thrown at [/Users/java_re/workspace/8-2-build-macosx-x86_64/jdk8u45/3457/hotspot/src/share/vm/classfile/systemDictionary.cpp, line 210]
Event: 0.646 Thread 0x00007f8d2c008000 Exception <a 'java/lang/ClassNotFoundException': Tree> (0x000000076b2630a8) thrown at [/Users/java_re/workspace/8-2-build-macosx-x86_64/jdk8u45/3457/hotspot/src/share/vm/classfile/systemDictionary.cpp, line 210]
Event: 0.646 Thread 0x00007f8d2c008000 Exception <a 'java/lang/ClassNotFoundException': javax/swing/JTreeCell> (0x000000076b2633d0) thrown at [/Users/java_re/workspace/8-2-build-macosx-x86_64/jdk8u45/3457/hotspot/src/share/vm/classfile/systemDictionary.cpp, line 210]
Event: 0.646 Thread 0x00007f8d2c008000 Exception <a 'java/lang/ClassNotFoundException': TreeCell> (0x000000076b263800) thrown at [/Users/java_re/workspace/8-2-build-macosx-x86_64/jdk8u45/3457/hotspot/src/share/vm/classfile/systemDictionary.cpp, line 210]
Event: 0.647 Thread 0x00007f8d2c008000 Exception <a 'java/lang/ClassNotFoundException': RootPane> (0x000000076b264208) thrown at [/Users/java_re/workspace/8-2-build-macosx-x86_64/jdk8u45/3457/hotspot/src/share/vm/classfile/systemDictionary.cpp, line 210]
Event: 4.813 Thread 0x00007f8d2b812800 Exception <a 'java/lang/NullPointerException'> (0x000000076b0060f8) thrown at [/Users/java_re/workspace/8-2-build-macosx-x86_64/jdk8u45/3457/hotspot/src/share/vm/interpreter/linkResolver.cpp, line 1178]

Events (10 events):
Event: 12.298 Executing VM operation: ParallelGCFailedAllocation done
Event: 12.467 Thread 0x00007f8d2d021800 flushing nmethod 0x0000000111eb44d0
Event: 13.135 Executing VM operation: ParallelGCFailedAllocation
Event: 13.136 Executing VM operation: ParallelGCFailedAllocation done
Event: 13.990 Executing VM operation: ParallelGCFailedAllocation
Event: 14.002 Executing VM operation: ParallelGCFailedAllocation done
Event: 14.578 loading class sun/awt/EmbeddedFrame
Event: 14.578 loading class sun/awt/EmbeddedFrame done
Event: 14.578 Executing VM operation: Deoptimize
Event: 14.578 Executing VM operation: Deoptimize done


Dynamic libraries:
0x0000000008ae8000 	/System/Library/Frameworks/Cocoa.framework/Versions/A/Cocoa
0x000000010f778000 	/System/Library/Frameworks/Security.framework/Versions/A/Security
0x0000000008ae8000 	/System/Library/Frameworks/ApplicationServices.framework/Versions/A/ApplicationServices
0x0000000008ae8000 	/usr/lib/libz.1.dylib
0x0000000008ae8000 	/usr/lib/libSystem.B.dylib
0x0000000008ae8000 	/usr/lib/libobjc.A.dylib
0x0000000008ae8000 	/System/Library/Frameworks/CoreFoundation.framework/Versions/A/CoreFoundation
0x0000000008ae8000 	/System/Library/Frameworks/Foundation.framework/Versions/C/Foundation
0x0000000008ae8000 	/System/Library/Frameworks/AppKit.framework/Versions/C/AppKit
0x0000000008ae8000 	/System/Library/Frameworks/CoreData.framework/Versions/A/CoreData
0x0000000008ae8000 	/System/Library/PrivateFrameworks/RemoteViewServices.framework/Versions/A/RemoteViewServices
0x0000000008ae8000 	/System/Library/PrivateFrameworks/UIFoundation.framework/Versions/A/UIFoundation
0x0000000008ae8000 	/usr/lib/libScreenReader.dylib
0x0000000008ae8000 	/System/Library/Frameworks/Accelerate.framework/Versions/A/Accelerate
0x0000000008ae8000 	/System/Library/Frameworks/IOSurface.framework/Versions/A/IOSurface
0x0000000008ae8000 	/System/Library/Frameworks/AudioToolbox.framework/Versions/A/AudioToolbox
0x0000000008ae8000 	/System/Library/Frameworks/AudioUnit.framework/Versions/A/AudioUnit
0x0000000008ae8000 	/System/Library/PrivateFrameworks/DataDetectorsCore.framework/Versions/A/DataDetectorsCore
0x0000000008ae8000 	/System/Library/PrivateFrameworks/DesktopServicesPriv.framework/Versions/A/DesktopServicesPriv
0x0000000008ae8000 	/System/Library/Frameworks/Carbon.framework/Versions/A/Frameworks/HIToolbox.framework/Versions/A/HIToolbox
0x0000000008ae8000 	/System/Library/Frameworks/QuartzCore.framework/Versions/A/QuartzCore
0x0000000008ae8000 	/System/Library/Frameworks/Carbon.framework/Versions/A/Frameworks/SpeechRecognition.framework/Versions/A/SpeechRecognition
0x0000000008ae8000 	/usr/lib/libauto.dylib
0x0000000008ae8000 	/usr/lib/libicucore.A.dylib
0x0000000008ae8000 	/usr/lib/libxml2.2.dylib
0x0000000008ae8000 	/System/Library/PrivateFrameworks/CoreUI.framework/Versions/A/CoreUI
0x0000000008ae8000 	/System/Library/Frameworks/CoreAudio.framework/Versions/A/CoreAudio
0x0000000008ae8000 	/System/Library/Frameworks/DiskArbitration.framework/Versions/A/DiskArbitration
0x0000000008ae8000 	/usr/lib/liblangid.dylib
0x0000000008ae8000 	/System/Library/PrivateFrameworks/MultitouchSupport.framework/Versions/A/MultitouchSupport
0x0000000008ae8000 	/System/Library/Frameworks/IOKit.framework/Versions/A/IOKit
0x0000000008ae8000 	/usr/lib/libDiagnosticMessagesClient.dylib
0x0000000008ae8000 	/System/Library/Frameworks/CoreServices.framework/Versions/A/CoreServices
0x0000000008ae8000 	/System/Library/PrivateFrameworks/PerformanceAnalysis.framework/Versions/A/PerformanceAnalysis
0x0000000008ae8000 	/System/Library/PrivateFrameworks/GenerationalStorage.framework/Versions/A/GenerationalStorage
0x0000000008ae8000 	/System/Library/Frameworks/OpenGL.framework/Versions/A/OpenGL
0x0000000008ae8000 	/System/Library/PrivateFrameworks/Sharing.framework/Versions/A/Sharing
0x0000000008ae8000 	/System/Library/Frameworks/CoreGraphics.framework/Versions/A/CoreGraphics
0x0000000008ae8000 	/System/Library/Frameworks/CoreImage.framework/Versions/A/CoreImage
0x0000000008ae8000 	/System/Library/Frameworks/CoreText.framework/Versions/A/CoreText
0x0000000008ae8000 	/System/Library/Frameworks/ImageIO.framework/Versions/A/ImageIO
0x0000000008ae8000 	/System/Library/PrivateFrameworks/Backup.framework/Versions/A/Backup
0x0000000008ae8000 	/usr/lib/libextension.dylib
0x0000000008ae8000 	/usr/lib/libarchive.2.dylib
0x000000010fb94000 	/System/Library/Frameworks/CFNetwork.framework/Versions/A/CFNetwork
0x0000000008ae8000 	/System/Library/Frameworks/SystemConfiguration.framework/Versions/A/SystemConfiguration
0x0000000008ae8000 	/usr/lib/libCRFSuite.dylib
0x0000000008ae8000 	/usr/lib/libc++.1.dylib
0x0000000008ae8000 	/usr/lib/libc++abi.dylib
0x0000000008ae8000 	/usr/lib/system/libcache.dylib
0x0000000008ae8000 	/usr/lib/system/libcommonCrypto.dylib
0x0000000008ae8000 	/usr/lib/system/libcompiler_rt.dylib
0x0000000008ae8000 	/usr/lib/system/libcopyfile.dylib
0x0000000008ae8000 	/usr/lib/system/libcorecrypto.dylib
0x0000000008ae8000 	/usr/lib/system/libdispatch.dylib
0x0000000008ae8000 	/usr/lib/system/libdyld.dylib
0x0000000008ae8000 	/usr/lib/system/libkeymgr.dylib
0x000000011000c000 	/usr/lib/system/liblaunch.dylib
0x0000000008ae8000 	/usr/lib/system/libmacho.dylib
0x0000000008ae8000 	/usr/lib/system/libquarantine.dylib
0x0000000008ae8000 	/usr/lib/system/libremovefile.dylib
0x0000000008ae8000 	/usr/lib/system/libsystem_asl.dylib
0x0000000008ae8000 	/usr/lib/system/libsystem_blocks.dylib
0x0000000008ae8000 	/usr/lib/system/libsystem_c.dylib
0x0000000008ae8000 	/usr/lib/system/libsystem_configuration.dylib
0x0000000008ae8000 	/usr/lib/system/libsystem_coreservices.dylib
0x0000000008ae8000 	/usr/lib/system/libsystem_coretls.dylib
0x0000000008ae8000 	/usr/lib/system/libsystem_dnssd.dylib
0x0000000008ae8000 	/usr/lib/system/libsystem_info.dylib
0x0000000008ae8000 	/usr/lib/system/libsystem_kernel.dylib
0x0000000008ae8000 	/usr/lib/system/libsystem_m.dylib
0x0000000008ae8000 	/usr/lib/system/libsystem_malloc.dylib
0x0000000008ae8000 	/usr/lib/system/libsystem_network.dylib
0x0000000008ae8000 	/usr/lib/system/libsystem_networkextension.dylib
0x0000000008ae8000 	/usr/lib/system/libsystem_notify.dylib
0x0000000008ae8000 	/usr/lib/system/libsystem_platform.dylib
0x0000000008ae8000 	/usr/lib/system/libsystem_pthread.dylib
0x0000000110013000 	/usr/lib/system/libsystem_sandbox.dylib
0x0000000008ae8000 	/usr/lib/system/libsystem_secinit.dylib
0x0000000008ae8000 	/usr/lib/system/libsystem_trace.dylib
0x0000000008ae8000 	/usr/lib/system/libunc.dylib
0x0000000008ae8000 	/usr/lib/system/libunwind.dylib
0x0000000110020000 	/usr/lib/system/libxpc.dylib
0x0000000008ae8000 	/usr/lib/libenergytrace.dylib
0x0000000008ae8000 	/usr/lib/libbsm.0.dylib
0x0000000008ae8000 	/usr/lib/system/libkxld.dylib
0x0000000008ae8000 	/usr/lib/libxar.1.dylib
0x000000011006e000 	/usr/lib/libsqlite3.dylib
0x0000000008ae8000 	/usr/lib/libpam.2.dylib
0x0000000008ae8000 	/usr/lib/libOpenScriptingUtil.dylib
0x0000000008ae8000 	/usr/lib/libbz2.1.0.dylib
0x0000000008ae8000 	/usr/lib/liblzma.5.dylib
0x0000000008ae8000 	/System/Library/Frameworks/CoreServices.framework/Versions/A/Frameworks/FSEvents.framework/Versions/A/FSEvents
0x0000000008ae8000 	/System/Library/Frameworks/CoreServices.framework/Versions/A/Frameworks/CarbonCore.framework/Versions/A/CarbonCore
0x0000000008ae8000 	/System/Library/Frameworks/CoreServices.framework/Versions/A/Frameworks/Metadata.framework/Versions/A/Metadata
0x0000000008ae8000 	/System/Library/Frameworks/CoreServices.framework/Versions/A/Frameworks/OSServices.framework/Versions/A/OSServices
0x0000000008ae8000 	/System/Library/Frameworks/CoreServices.framework/Versions/A/Frameworks/SearchKit.framework/Versions/A/SearchKit
0x0000000008ae8000 	/System/Library/Frameworks/CoreServices.framework/Versions/A/Frameworks/AE.framework/Versions/A/AE
0x0000000008ae8000 	/System/Library/Frameworks/CoreServices.framework/Versions/A/Frameworks/LaunchServices.framework/Versions/A/LaunchServices
0x0000000008ae8000 	/System/Library/Frameworks/CoreServices.framework/Versions/A/Frameworks/DictionaryServices.framework/Versions/A/DictionaryServices
0x0000000008ae8000 	/System/Library/Frameworks/CoreServices.framework/Versions/A/Frameworks/SharedFileList.framework/Versions/A/SharedFileList
0x0000000008ae8000 	/System/Library/Frameworks/NetFS.framework/Versions/A/NetFS
0x0000000008ae8000 	/System/Library/PrivateFrameworks/NetAuth.framework/Versions/A/NetAuth
0x0000000008ae8000 	/System/Library/PrivateFrameworks/login.framework/Versions/A/Frameworks/loginsupport.framework/Versions/A/loginsupport
0x0000000008ae8000 	/System/Library/PrivateFrameworks/TCC.framework/Versions/A/TCC
0x0000000008ae8000 	/usr/lib/libmecabra.dylib
0x0000000008ae8000 	/System/Library/Frameworks/ApplicationServices.framework/Versions/A/Frameworks/ATS.framework/Versions/A/ATS
0x0000000008ae8000 	/System/Library/Frameworks/ApplicationServices.framework/Versions/A/Frameworks/ColorSync.framework/Versions/A/ColorSync
0x0000000008ae8000 	/System/Library/Frameworks/ApplicationServices.framework/Versions/A/Frameworks/HIServices.framework/Versions/A/HIServices
0x0000000008ae8000 	/System/Library/Frameworks/ApplicationServices.framework/Versions/A/Frameworks/LangAnalysis.framework/Versions/A/LangAnalysis
0x0000000008ae8000 	/System/Library/Frameworks/ApplicationServices.framework/Versions/A/Frameworks/PrintCore.framework/Versions/A/PrintCore
0x0000000008ae8000 	/System/Library/Frameworks/ApplicationServices.framework/Versions/A/Frameworks/QD.framework/Versions/A/QD
0x0000000008ae8000 	/System/Library/Frameworks/ApplicationServices.framework/Versions/A/Frameworks/SpeechSynthesis.framework/Versions/A/SpeechSynthesis
0x0000000008ae8000 	/System/Library/Frameworks/Metal.framework/Versions/A/Metal
0x0000000008ae8000 	/System/Library/Frameworks/Accelerate.framework/Versions/A/Frameworks/vImage.framework/Versions/A/vImage
0x0000000008ae8000 	/System/Library/Frameworks/Accelerate.framework/Versions/A/Frameworks/vecLib.framework/Versions/A/vecLib
0x0000000008ae8000 	/System/Library/Frameworks/Accelerate.framework/Versions/A/Frameworks/vecLib.framework/Versions/A/libvDSP.dylib
0x0000000008ae8000 	/System/Library/Frameworks/Accelerate.framework/Versions/A/Frameworks/vecLib.framework/Versions/A/libvMisc.dylib
0x0000000008ae8000 	/System/Library/Frameworks/Accelerate.framework/Versions/A/Frameworks/vecLib.framework/Versions/A/libLAPACK.dylib
0x0000000008ae8000 	/System/Library/Frameworks/Accelerate.framework/Versions/A/Frameworks/vecLib.framework/Versions/A/libBLAS.dylib
0x0000000008ae8000 	/System/Library/Frameworks/Accelerate.framework/Versions/A/Frameworks/vecLib.framework/Versions/A/libLinearAlgebra.dylib
0x0000000008ae8000 	/System/Library/Frameworks/Accelerate.framework/Versions/A/Frameworks/vecLib.framework/Versions/A/libSparseBLAS.dylib
0x0000000008ae8000 	/System/Library/PrivateFrameworks/GPUCompiler.framework/libmetal_timestamp.dylib
0x0000000008ae8000 	/System/Library/Frameworks/OpenGL.framework/Versions/A/Libraries/libCoreFSCache.dylib
0x0000000008ae8000 	/System/Library/PrivateFrameworks/IOAccelerator.framework/Versions/A/IOAccelerator
0x0000000008ae8000 	/System/Library/Frameworks/ApplicationServices.framework/Versions/A/Frameworks/ATS.framework/Versions/A/Resources/libFontParser.dylib
0x0000000008ae8000 	/System/Library/Frameworks/ApplicationServices.framework/Versions/A/Frameworks/ATS.framework/Versions/A/Resources/libFontRegistry.dylib
0x0000000008ae8000 	/System/Library/PrivateFrameworks/AppleVPA.framework/Versions/A/AppleVPA
0x0000000008ae8000 	/System/Library/PrivateFrameworks/AppleJPEG.framework/Versions/A/AppleJPEG
0x0000000008ae8000 	/System/Library/Frameworks/ImageIO.framework/Versions/A/Resources/libJPEG.dylib
0x0000000008ae8000 	/System/Library/Frameworks/ImageIO.framework/Versions/A/Resources/libTIFF.dylib
0x0000000008ae8000 	/System/Library/Frameworks/ImageIO.framework/Versions/A/Resources/libPng.dylib
0x0000000008ae8000 	/System/Library/Frameworks/ImageIO.framework/Versions/A/Resources/libGIF.dylib
0x0000000008ae8000 	/System/Library/Frameworks/ImageIO.framework/Versions/A/Resources/libJP2.dylib
0x0000000008ae8000 	/System/Library/Frameworks/ImageIO.framework/Versions/A/Resources/libRadiance.dylib
0x0000000008ae8000 	/System/Library/Frameworks/CoreVideo.framework/Versions/A/CoreVideo
0x0000000008ae8000 	/System/Library/Frameworks/OpenGL.framework/Versions/A/Libraries/libGLU.dylib
0x0000000008ae8000 	/System/Library/Frameworks/OpenGL.framework/Versions/A/Libraries/libGFXShared.dylib
0x0000000008ae8000 	/System/Library/Frameworks/OpenGL.framework/Versions/A/Libraries/libGL.dylib
0x0000000008ae8000 	/System/Library/Frameworks/OpenGL.framework/Versions/A/Libraries/libGLImage.dylib
0x0000000008ae8000 	/System/Library/Frameworks/OpenGL.framework/Versions/A/Libraries/libCVMSPluginSupport.dylib
0x0000000008ae8000 	/System/Library/Frameworks/OpenGL.framework/Versions/A/Libraries/libCoreVMClient.dylib
0x0000000008ae8000 	/usr/lib/libcups.2.dylib
0x0000000008ae8000 	/System/Library/Frameworks/Kerberos.framework/Versions/A/Kerberos
0x0000000008ae8000 	/System/Library/Frameworks/GSS.framework/Versions/A/GSS
0x0000000008ae8000 	/usr/lib/libresolv.9.dylib
0x0000000008ae8000 	/usr/lib/libiconv.2.dylib
0x0000000008ae8000 	/System/Library/PrivateFrameworks/Heimdal.framework/Versions/A/Heimdal
0x0000000008ae8000 	/usr/lib/libheimdal-asn1.dylib
0x0000000008ae8000 	/System/Library/Frameworks/OpenDirectory.framework/Versions/A/OpenDirectory
0x0000000008ae8000 	/System/Library/PrivateFrameworks/CommonAuth.framework/Versions/A/CommonAuth
0x0000000008ae8000 	/System/Library/Frameworks/OpenDirectory.framework/Versions/A/Frameworks/CFOpenDirectory.framework/Versions/A/CFOpenDirectory
0x0000000008ae8000 	/System/Library/Frameworks/SecurityFoundation.framework/Versions/A/SecurityFoundation
0x0000000008ae8000 	/System/Library/PrivateFrameworks/LanguageModeling.framework/Versions/A/LanguageModeling
0x0000000008ae8000 	/usr/lib/libmarisa.dylib
0x0000000008ae8000 	/usr/lib/libChineseTokenizer.dylib
0x0000000008ae8000 	/usr/lib/libcmph.dylib
0x0000000008ae8000 	/usr/lib/libcompression.dylib
0x00000001101b2000 	/System/Library/Frameworks/ServiceManagement.framework/Versions/A/ServiceManagement
0x0000000008ae8000 	/usr/lib/libxslt.1.dylib
0x0000000008ae8000 	/System/Library/Frameworks/Carbon.framework/Versions/A/Frameworks/Ink.framework/Versions/A/Ink
0x0000000008ae8000 	/usr/lib/libFosl_dynamic.dylib
0x0000000008ae8000 	/System/Library/PrivateFrameworks/FaceCore.framework/Versions/A/FaceCore
0x0000000008ae8000 	/System/Library/Frameworks/OpenCL.framework/Versions/A/OpenCL
0x0000000008ae8000 	/System/Library/PrivateFrameworks/CrashReporterSupport.framework/Versions/A/CrashReporterSupport
0x0000000008ae8000 	/System/Library/PrivateFrameworks/IconServices.framework/Versions/A/IconServices
0x0000000008ae8000 	/System/Library/PrivateFrameworks/Apple80211.framework/Versions/A/Apple80211
0x0000000008ae8000 	/System/Library/Frameworks/CoreWLAN.framework/Versions/A/CoreWLAN
0x0000000008ae8000 	/System/Library/Frameworks/IOBluetooth.framework/Versions/A/IOBluetooth
0x0000000008ae8000 	/System/Library/PrivateFrameworks/CoreWiFi.framework/Versions/A/CoreWiFi
0x0000000008ae8000 	/System/Library/Frameworks/CoreBluetooth.framework/Versions/A/CoreBluetooth
0x0000000008ae8000 	/System/Library/PrivateFrameworks/ChunkingLibrary.framework/Versions/A/ChunkingLibrary
0x0000000008ae8000 	/System/Library/PrivateFrameworks/DebugSymbols.framework/Versions/A/DebugSymbols
0x0000000008ae8000 	/System/Library/PrivateFrameworks/CoreSymbolication.framework/Versions/A/CoreSymbolication
0x0000000008ae8000 	/System/Library/PrivateFrameworks/Symbolication.framework/Versions/A/Symbolication
0x0000000008ae8000 	/System/Library/PrivateFrameworks/SpeechRecognitionCore.framework/Versions/A/SpeechRecognitionCore
0x0000000110e00000 	/Library/Java/JavaVirtualMachines/jdk1.8.0_45.jdk/Contents/Home/jre/lib/server/libjvm.dylib
0x0000000110417000 	/usr/lib/libstdc++.6.dylib
0x00000001104ce000 	/Library/Java/JavaVirtualMachines/jdk1.8.0_45.jdk/Contents/Home/jre/lib/libverify.dylib
0x00000001104dc000 	/Library/Java/JavaVirtualMachines/jdk1.8.0_45.jdk/Contents/Home/jre/lib/libjava.dylib
0x0000000110519000 	/Library/Java/JavaVirtualMachines/jdk1.8.0_45.jdk/Contents/Home/jre/lib/libzip.dylib
0x000000012c0cb000 	/System/Library/Frameworks/JavaVM.framework/Frameworks/JavaRuntimeSupport.framework/JavaRuntimeSupport
0x000000012c0e6000 	/System/Library/Frameworks/JavaVM.framework/Versions/A/Frameworks/JavaNativeFoundation.framework/Versions/A/JavaNativeFoundation
0x000000012c0fb000 	/System/Library/Frameworks/JavaVM.framework/Versions/A/JavaVM
0x0000000008ae8000 	/System/Library/Frameworks/Carbon.framework/Versions/A/Carbon
0x000000012c108000 	/System/Library/PrivateFrameworks/JavaLaunching.framework/Versions/A/JavaLaunching
0x0000000008ae8000 	/System/Library/Frameworks/Carbon.framework/Versions/A/Frameworks/CommonPanels.framework/Versions/A/CommonPanels
0x0000000008ae8000 	/System/Library/Frameworks/Carbon.framework/Versions/A/Frameworks/Help.framework/Versions/A/Help
0x0000000008ae8000 	/System/Library/Frameworks/Carbon.framework/Versions/A/Frameworks/ImageCapture.framework/Versions/A/ImageCapture
0x0000000008ae8000 	/System/Library/Frameworks/Carbon.framework/Versions/A/Frameworks/OpenScripting.framework/Versions/A/OpenScripting
0x0000000008ae8000 	/System/Library/Frameworks/Carbon.framework/Versions/A/Frameworks/Print.framework/Versions/A/Print
0x0000000008ae8000 	/System/Library/Frameworks/Carbon.framework/Versions/A/Frameworks/SecurityHI.framework/Versions/A/SecurityHI
0x000000012db32000 	/Applications/IntelliJ IDEA 14.app/Contents/bin/libbreakgen64.jnilib
0x000000012db35000 	/Library/Java/JavaVirtualMachines/jdk1.8.0_45.jdk/Contents/Home/jre/lib/libnet.dylib
0x000000012db94000 	/Library/Java/JavaVirtualMachines/jdk1.8.0_45.jdk/Contents/Home/jre/lib/libawt.dylib
0x000000012dc3c000 	/Library/Java/JavaVirtualMachines/jdk1.8.0_45.jdk/Contents/Home/jre/lib/./libmlib_image.dylib
0x000000012dd08000 	/Library/Java/JavaVirtualMachines/jdk1.8.0_45.jdk/Contents/Home/jre/lib/libawt_lwawt.dylib
0x000000012ddbc000 	/Library/Java/JavaVirtualMachines/jdk1.8.0_45.jdk/Contents/Home/jre/lib/./libosxapp.dylib
0x0000000008ae8000 	/System/Library/Frameworks/ExceptionHandling.framework/Versions/A/ExceptionHandling
0x0000000008ae8000 	/System/Library/PrivateFrameworks/CoreServicesInternal.framework/Versions/A/CoreServicesInternal
0x0000000008ae8000 	/System/Library/Frameworks/CoreGraphics.framework/Versions/A/Resources/libRIP.A.dylib
0x000000012ea27000 	/System/Library/Frameworks/Accelerate.framework/Frameworks/vImage.framework/Versions/A/Libraries/libCGInterfaces.dylib
0x0000000008ae8000 	/System/Library/Frameworks/CoreGraphics.framework/Versions/A/Resources/libCGXType.A.dylib
0x0000000008ae8000 	/System/Library/Frameworks/OpenCL.framework/Versions/A/Libraries/libcldcpuengine.dylib
0x0000000008ae8000 	/System/Library/PrivateFrameworks/DiskImages.framework/Versions/A/DiskImages
0x0000000008ae8000 	/System/Library/Frameworks/DiscRecording.framework/Versions/A/DiscRecording
0x0000000008ae8000 	/usr/lib/libcsfde.dylib
0x0000000008ae8000 	/usr/lib/libcurl.4.dylib
0x0000000008ae8000 	/System/Library/PrivateFrameworks/MediaKit.framework/Versions/A/MediaKit
0x0000000008ae8000 	/System/Library/PrivateFrameworks/ProtectedCloudStorage.framework/Versions/A/ProtectedCloudStorage
0x0000000008ae8000 	/usr/lib/libCoreStorage.dylib
0x0000000008ae8000 	/System/Library/PrivateFrameworks/EFILogin.framework/Versions/A/EFILogin
0x0000000008ae8000 	/usr/lib/libutil.dylib
0x0000000008ae8000 	/System/Library/PrivateFrameworks/FindMyDevice.framework/Versions/A/FindMyDevice
0x0000000008ae8000 	/System/Library/Frameworks/LDAP.framework/Versions/A/LDAP
0x0000000008ae8000 	/usr/lib/libsasl2.2.dylib
0x0000000008ae8000 	/System/Library/PrivateFrameworks/CoreDaemon.framework/Versions/B/CoreDaemon
0x0000000008ae8000 	/usr/lib/libcrypto.0.9.8.dylib
0x0000000008ae8000 	/System/Library/PrivateFrameworks/AppleSRP.framework/Versions/A/AppleSRP
0x0000000008ae8000 	/System/Library/PrivateFrameworks/TrustEvaluationAgent.framework/Versions/A/TrustEvaluationAgent
0x000000012fa29000 	cl_kernels
0x0000000008ae8000 	/System/Library/Frameworks/OpenCL.framework/Versions/A/Libraries/ImageFormats/unorm8_bgra.dylib
0x0000000008ae8000 	/System/Library/Frameworks/OpenCL.framework/Versions/A/Libraries/ImageFormats/unorm8_rgba.dylib
0x0000000008ae8000 	/System/Library/PrivateFrameworks/FamilyControls.framework/Versions/A/FamilyControls
0x0000000008ae8000 	/System/Library/PrivateFrameworks/CommerceKit.framework/Versions/A/Frameworks/CommerceCore.framework/Versions/A/CommerceCore
0x0000000008ae8000 	/System/Library/PrivateFrameworks/SystemAdministration.framework/Versions/A/SystemAdministration
0x0000000008ae8000 	/System/Library/PrivateFrameworks/AppContainer.framework/Versions/A/AppContainer
0x0000000008ae8000 	/System/Library/PrivateFrameworks/SecCodeWrapper.framework/Versions/A/SecCodeWrapper
0x0000000008ae8000 	/System/Library/Frameworks/DirectoryService.framework/Versions/A/DirectoryService
0x0000000008ae8000 	/System/Library/PrivateFrameworks/LoginUIKit.framework/Versions/A/Frameworks/LoginUICore.framework/Versions/A/LoginUICore
0x0000000008ae8000 	/usr/lib/libodfde.dylib
0x0000000130a9b000 	/usr/local/Cellar/opencv/2.4.12_2/share/OpenCV/java/libopencv_java2412.dylib
0x0000000130b49000 	/usr/local/Cellar/opencv/2.4.12_2/lib/libopencv_contrib.2.4.dylib
0x0000000130c38000 	/usr/local/Cellar/opencv/2.4.12_2/lib/libopencv_nonfree.2.4.dylib
0x0000000130c72000 	/usr/local/Cellar/opencv/2.4.12_2/lib/libopencv_gpu.2.4.dylib
0x0000000130c93000 	/usr/local/Cellar/opencv/2.4.12_2/lib/libopencv_legacy.2.4.dylib
0x0000000130d7c000 	/usr/local/Cellar/opencv/2.4.12_2/lib/libopencv_photo.2.4.dylib
0x0000000130d99000 	/usr/local/Cellar/opencv/2.4.12_2/lib/libopencv_ocl.2.4.dylib
0x0000000130f50000 	/usr/local/Cellar/opencv/2.4.12_2/lib/libopencv_calib3d.2.4.dylib
0x0000000131028000 	/usr/local/Cellar/opencv/2.4.12_2/lib/libopencv_features2d.2.4.dylib
0x00000001310c5000 	/usr/local/Cellar/opencv/2.4.12_2/lib/libopencv_flann.2.4.dylib
0x000000013112f000 	/usr/local/Cellar/opencv/2.4.12_2/lib/libopencv_ml.2.4.dylib
0x000000013119f000 	/usr/local/Cellar/opencv/2.4.12_2/lib/libopencv_video.2.4.dylib
0x00000001311e7000 	/usr/local/Cellar/opencv/2.4.12_2/lib/libopencv_objdetect.2.4.dylib
0x000000013125b000 	/usr/local/Cellar/opencv/2.4.12_2/lib/libopencv_highgui.2.4.dylib
0x0000000131299000 	/usr/local/Cellar/opencv/2.4.12_2/lib/libopencv_imgproc.2.4.dylib
0x0000000131509000 	/usr/local/Cellar/opencv/2.4.12_2/lib/libopencv_core.2.4.dylib
0x0000000131701000 	/usr/local/lib/libjpeg.8.dylib
0x0000000131734000 	/usr/local/lib/libpng16.16.dylib
0x000000013175f000 	/usr/local/lib/libtiff.5.dylib
0x000000012ec2b000 	/usr/local/lib/libImath-2_2.12.dylib
0x00000001317c6000 	/usr/local/lib/libIlmImf-2_2.22.dylib
0x0000000131abe000 	/usr/local/lib/libIex-2_2.12.dylib
0x0000000131ad1000 	/usr/local/lib/libHalf.12.dylib
0x000000012ec3b000 	/usr/local/lib/libIlmThread-2_2.12.dylib
0x0000000008ae8000 	/System/Library/Frameworks/QTKit.framework/Versions/A/QTKit
0x000000012ec43000 	/usr/local/lib/libIexMath-2_2.12.dylib
0x0000000008ae8000 	/System/Library/Frameworks/AVFoundation.framework/Versions/A/AVFoundation
0x0000000008ae8000 	/System/Library/Frameworks/CoreMedia.framework/Versions/A/CoreMedia
0x0000000008ae8000 	/System/Library/Frameworks/MediaToolbox.framework/Versions/A/MediaToolbox
0x0000000008ae8000 	/System/Library/Frameworks/VideoToolbox.framework/Versions/A/VideoToolbox
0x0000000008ae8000 	/System/Library/PrivateFrameworks/CoreMediaAuthoring.framework/Versions/A/CoreMediaAuthoring
0x0000000008ae8000 	/System/Library/Frameworks/CoreMediaIO.framework/Versions/A/CoreMediaIO
0x0000000008ae8000 	/System/Library/Frameworks/AVFoundation.framework/Versions/A/Resources/libAVFAudio.dylib
0x0000000008ae8000 	/usr/lib/libspindump.dylib
0x0000000008ae8000 	/System/Library/PrivateFrameworks/CoreAVCHD.framework/Versions/A/CoreAVCHD
0x0000000008ae8000 	/System/Library/Frameworks/MediaAccessibility.framework/Versions/A/MediaAccessibility
0x0000000008ae8000 	/System/Library/PrivateFrameworks/Mangrove.framework/Versions/A/Mangrove
0x0000000008ae8000 	/System/Library/PrivateFrameworks/CoreAUC.framework/Versions/A/CoreAUC
0x0000000008ae8000 	/System/Library/PrivateFrameworks/AppleVA.framework/Versions/A/AppleVA
0x0000000008ae8000 	/System/Library/PrivateFrameworks/XPCService.framework/Versions/A/XPCService
0x0000000008ae8000 	/System/Library/PrivateFrameworks/AppSandbox.framework/Versions/A/AppSandbox
0x0000000131b15000 	/usr/lib/libsandbox.1.dylib
0x0000000131b59000 	/usr/lib/libMatch.1.dylib
0x0000000131b66000 	/Library/Java/JavaVirtualMachines/jdk1.8.0_45.jdk/Contents/Home/jre/lib/libfontmanager.dylib
0x0000000131bcd000 	/Library/Java/JavaVirtualMachines/jdk1.8.0_45.jdk/Contents/Home/jre/lib/libosxui.dylib
0x0000000132614000 	/System/Library/Frameworks/OpenGL.framework/Resources/GLEngine.bundle/GLEngine
0x0000000008ae8000 	/System/Library/Frameworks/OpenGL.framework/Versions/A/Libraries/libGLProgrammability.dylib
0x00000001327fc000 	/System/Library/Extensions/AppleIntelBDWGraphicsGLDriver.bundle/Contents/MacOS/AppleIntelBDWGraphicsGLDriver
0x0000000008ae8000 	/System/Library/PrivateFrameworks/GPUSupport.framework/Versions/A/Libraries/libGPUSupportMercury.dylib
0x0000000132f44000 	/System/Library/Frameworks/OpenGL.framework/Resources//GLRendererFloat.bundle/GLRendererFloat
0x0000000134dc5000 	/Library/Java/JavaVirtualMachines/jdk1.8.0_45.jdk/Contents/Home/jre/lib/libnio.dylib
0x00000001356a8000 	/System/Library/Extensions/AppleIntelBDWGraphicsMTLDriver.bundle/Contents/MacOS/AppleIntelBDWGraphicsMTLDriver
0x0000000137ab9000 	/Library/Java/JavaVirtualMachines/jdk1.8.0_45.jdk/Contents/Home/jre/lib/libdcpr.dylib
0x0000000137e2a000 	/System/Library/Extensions/AppleHDA.kext/Contents/PlugIns/AppleHDAHALPlugIn.bundle/Contents/MacOS/AppleHDAHALPlugIn
0x0000000137e34000 	/Library/CoreMediaIO/Plug-Ins/DAL/AppleCamera.plugin/Contents/MacOS/AppleCamera
0x0000000137e5f000 	/System/Library/Frameworks/CoreMediaIO.framework/Resources/VDC.plugin/Contents/MacOS/VDC
0x0000000137e8f000 	/System/Library/Frameworks/CoreMediaIO.framework/Resources/CMIOUnits.bundle/Contents/MacOS/CMIOUnits
0x000000013801b000 	/System/Library/PrivateFrameworks/FWAVC.framework/Versions/A/FWAVC
0x0000000008ae8000 	/System/Library/PrivateFrameworks/AppleGVA.framework/Versions/A/AppleGVA

VM Arguments:
jvm_args: -Djava.library.path=/usr/local/Cellar/opencv/2.4.12_2/lib:/usr/local/Cellar/opencv/2.4.12_2/share/OpenCV/java -Didea.launcher.port=7536 -Didea.launcher.bin.path=/Applications/IntelliJ IDEA 14.app/Contents/bin -Dfile.encoding=UTF-8 
java_command: com.intellij.rt.execution.application.AppMain facedetection.FaceDetection
java_class_path (initial): /Library/Java/JavaVirtualMachines/jdk1.8.0_45.jdk/Contents/Home/lib/ant-javafx.jar:/Library/Java/JavaVirtualMachines/jdk1.8.0_45.jdk/Contents/Home/lib/dt.jar:/Library/Java/JavaVirtualMachines/jdk1.8.0_45.jdk/Contents/Home/lib/javafx-mx.jar:/Library/Java/JavaVirtualMachines/jdk1.8.0_45.jdk/Contents/Home/lib/jconsole.jar:/Library/Java/JavaVirtualMachines/jdk1.8.0_45.jdk/Contents/Home/lib/packager.jar:/Library/Java/JavaVirtualMachines/jdk1.8.0_45.jdk/Contents/Home/lib/sa-jdi.jar:/Library/Java/JavaVirtualMachines/jdk1.8.0_45.jdk/Contents/Home/lib/tools.jar:/Library/Java/JavaVirtualMachines/jdk1.8.0_45.jdk/Contents/Home/jre/lib/charsets.jar:/Library/Java/JavaVirtualMachines/jdk1.8.0_45.jdk/Contents/Home/jre/lib/deploy.jar:/Library/Java/JavaVirtualMachines/jdk1.8.0_45.jdk/Contents/Home/jre/lib/javaws.jar:/Library/Java/JavaVirtualMachines/jdk1.8.0_45.jdk/Contents/Home/jre/lib/jce.jar:/Library/Java/JavaVirtualMachines/jdk1.8.0_45.jdk/Contents/Home/jre/lib/jfr.jar:/Library/Java/JavaVirtualMachines/jdk1.8.0_45.jdk/Contents/Home/jre/lib/jfxswt.jar:/Library/Java/JavaVirtualMachines/jdk1.8.0_45.jdk/Contents/Home/jre/lib/jsse.jar:/Library/Java/JavaVirtualMachines/jdk1.8.0_45.jdk/Contents/Home/jre/lib/management-agent.jar:/Library/Java/JavaVirtualMachines/jdk1.8.0_45.jdk/Contents/Home/jre/lib/plugin.jar:/Library/Java/JavaVirtualMachines/jdk1.8.0_45.jdk/Contents/Home/jre/lib/resources.jar:/Library/Java/JavaVirtualMachines/jdk1.8.0_45.jdk/Contents/Home/jre/lib/rt.jar:/Library/Java/JavaVirtualMachines/jdk1.8.0_45.jdk/Contents/Home/jre/lib/ext/cldrdata.jar:/Library/Java/JavaVirtualMachines/jdk1.8.0_45.jdk/Contents/Home/jre/lib/ext/dnsns.jar:/Library/Java/JavaVirtualMachines/jdk1.8.0_45.jdk/Contents/Home/jre/lib/ext/jfxrt.jar:/Library/Java/JavaVirtualMachines/jdk1.8.0_45.jdk/Contents/Home/jre/lib/ext/localedata.jar:/Library/Java/JavaVirtualMachines/jdk1.8.0_45.jdk/Contents/Home/jre/lib/ext/nashorn.jar:/Library/Java/JavaVirtualMachines/jdk1.8.0_45.jdk/Conten
Launcher Type: SUN_STANDARD

Environment Variables:
PATH=/Users/kuldarim/bin:/usr/local/bin:/usr/bin:/bin:/usr/sbin:/sbin:/usr/local/git/bin
SHELL=/bin/bash

Signal Handlers:
SIGSEGV: [libjvm.dylib+0x58ef95], sa_mask[0]=11111111011111110111111111111111, sa_flags=SA_ONSTACK|SA_RESTART|SA_SIGINFO
SIGBUS: [libjvm.dylib+0x58ef95], sa_mask[0]=11111111011111110111111111111111, sa_flags=SA_RESTART|SA_SIGINFO
SIGFPE: [libjvm.dylib+0x46c108], sa_mask[0]=11111111011111110111111111111111, sa_flags=SA_RESTART|SA_SIGINFO
SIGPIPE: [libjvm.dylib+0x46c108], sa_mask[0]=11111111011111110111111111111111, sa_flags=SA_RESTART|SA_SIGINFO
SIGXFSZ: [libjvm.dylib+0x46c108], sa_mask[0]=11111111011111110111111111111111, sa_flags=SA_RESTART|SA_SIGINFO
SIGILL: [libjvm.dylib+0x46c108], sa_mask[0]=11111111011111110111111111111111, sa_flags=SA_RESTART|SA_SIGINFO
SIGUSR1: SIG_DFL, sa_mask[0]=00000000000000000000000000000000, sa_flags=none
SIGUSR2: [libjvm.dylib+0x46bc26], sa_mask[0]=00100000000000000000000000000000, sa_flags=SA_RESTART|SA_SIGINFO
SIGHUP: [libjvm.dylib+0x46a1f9], sa_mask[0]=11111111011111110111111111111111, sa_flags=SA_RESTART|SA_SIGINFO
SIGINT: [libjvm.dylib+0x46a1f9], sa_mask[0]=11111111011111110111111111111111, sa_flags=SA_RESTART|SA_SIGINFO
SIGTERM: [libjvm.dylib+0x46a1f9], sa_mask[0]=11111111011111110111111111111111, sa_flags=SA_RESTART|SA_SIGINFO
SIGQUIT: [libjvm.dylib+0x46a1f9], sa_mask[0]=11111111011111110111111111111111, sa_flags=SA_RESTART|SA_SIGINFO


---------------  S Y S T E M  ---------------

OS:Bsduname:Darwin 15.4.0 Darwin Kernel Version 15.4.0: Fri Feb 26 22:08:05 PST 2016; root:xnu-3248.40.184~3/RELEASE_X86_64 x86_64
rlimit: STACK 8192k, CORE 0k, NPROC 709, NOFILE 10240, AS infinity
load average:2.90 3.24 3.04

CPU:total 4 (2 cores per cpu, 2 threads per core) family 6 model 61 stepping 4, cmov, cx8, fxsr, mmx, sse, sse2, sse3, ssse3, sse4.1, sse4.2, popcnt, avx, avx2, aes, clmul, erms, 3dnowpref, lzcnt, ht, tsc, tscinvbit, bmi1, bmi2, adx

Memory: 4k page, physical 16777216k(1008684k free)

/proc/meminfo:


vm_info: Java HotSpot(TM) 64-Bit Server VM (25.45-b02) for bsd-amd64 JRE (1.8.0_45-b14), built on Apr 10 2015 10:46:38 by "java_re" with gcc 4.2.1 (Based on Apple Inc. build 5658) (LLVM build 2336.11.00)

time: Tue Apr 19 22:00:20 2016
elapsed time: 14 seconds (0d 0h 0m 14s)

